<?xml version="1.0" encoding="UTF-8"?>
<!-- Generated by org.testng.reporters.JUnitReportReporter -->
<testsuite hostname="LappySantanil-s" failures="0" tests="1" name="tests.normalFlow.FooterLinkValidation" time="13.059" errors="0" timestamp="2023-06-26T11:26:35 IST" skipped="0">
  <testcase classname="tests.normalFlow.FooterLinkValidation" name="TC1_DiscountCoupons" time="13.059"/>
  <system-out/>
</testsuite> <!-- tests.normalFlow.FooterLinkValidation -->
