<?xml version="1.0" encoding="UTF-8"?>
<!-- Generated by org.testng.reporters.JUnitReportReporter -->
<testsuite hostname="LappySantanil-s" failures="0" tests="1" name="tests.normalFlow.FooterLinkValidation" time="28.995" errors="0" timestamp="2023-06-25T23:07:14 IST" skipped="0">
  <testcase classname="tests.normalFlow.FooterLinkValidation" name="TC1_DiscountCoupons" time="28.995"/>
  <system-out/>
</testsuite> <!-- tests.normalFlow.FooterLinkValidation -->
